  MyForm.cpp
E:\различные работы\КГ\task_6_Vasilenko\KG\MyForm.h(152,85): warning C4244: аргумент: преобразование "float" в "int", возможна потеря данных
E:\различные работы\КГ\task_6_Vasilenko\KG\MyForm.h(152,70): warning C4244: аргумент: преобразование "float" в "int", возможна потеря данных
E:\различные работы\КГ\task_6_Vasilenko\KG\MyForm.h(152,55): warning C4244: аргумент: преобразование "float" в "int", возможна потеря данных
E:\различные работы\КГ\task_6_Vasilenko\KG\MyForm.h(218,34): warning C4244: =: преобразование "double" в "float", возможна потеря данных
E:\различные работы\КГ\task_6_Vasilenko\KG\MyForm.h(283,35): warning C4244: аргумент: преобразование "double" в "float", возможна потеря данных
E:\различные работы\КГ\task_6_Vasilenko\KG\MyForm.h(327,1): warning C4305: аргумент: усечение из "double" в "float"
E:\различные работы\КГ\task_6_Vasilenko\KG\MyForm.h(336,1): warning C4305: аргумент: усечение из "double" в "float"
E:\различные работы\КГ\task_6_Vasilenko\KG\MyForm.h(345,1): warning C4305: аргумент: усечение из "double" в "float"
E:\различные работы\КГ\task_6_Vasilenko\KG\MyForm.h(354,1): warning C4305: аргумент: усечение из "double" в "float"
E:\различные работы\КГ\task_6_Vasilenko\KG\MyForm.h(362,1): warning C4305: аргумент: усечение из "double" в "float"
E:\различные работы\КГ\task_6_Vasilenko\KG\MyForm.h(367,1): warning C4305: аргумент: усечение из "double" в "float"
E:\различные работы\КГ\task_6_Vasilenko\KG\MyForm.h(375,1): warning C4305: аргумент: усечение из "double" в "float"
E:\различные работы\КГ\task_6_Vasilenko\KG\MyForm.h(383,1): warning C4305: аргумент: усечение из "double" в "float"
E:\различные работы\КГ\task_6_Vasilenko\KG\MyForm.h(394,1): warning C4305: аргумент: усечение из "double" в "float"
E:\различные работы\КГ\task_6_Vasilenko\KG\MyForm.h(403,1): warning C4305: аргумент: усечение из "double" в "float"
E:\различные работы\КГ\task_6_Vasilenko\KG\MyForm.h(414,1): warning C4305: аргумент: усечение из "double" в "float"
E:\различные работы\КГ\task_6_Vasilenko\KG\MyForm.h(420,1): warning C4305: аргумент: усечение из "double" в "float"
E:\различные работы\КГ\task_6_Vasilenko\KG\MyForm.h(432,1): warning C4305: аргумент: усечение из "double" в "float"
E:\различные работы\КГ\task_6_Vasilenko\KG\MyForm.h(438,1): warning C4305: аргумент: усечение из "double" в "float"
E:\различные работы\КГ\task_6_Vasilenko\KG\MyForm.h(484,1): warning C4305: -=: усечение из "double" в "float"
E:\различные работы\КГ\task_6_Vasilenko\KG\MyForm.h(490,1): warning C4305: +=: усечение из "double" в "float"
E:\различные работы\КГ\task_6_Vasilenko\KG\MyForm.h(500,1): warning C4305: -=: усечение из "double" в "float"
E:\различные работы\КГ\task_6_Vasilenko\KG\MyForm.h(505,1): warning C4305: +=: усечение из "double" в "float"
E:\различные работы\КГ\task_6_Vasilenko\KG\MyForm.h(513,1): warning C4305: -=: усечение из "double" в "float"
E:\различные работы\КГ\task_6_Vasilenko\KG\MyForm.h(518,1): warning C4305: +=: усечение из "double" в "float"
E:\различные работы\КГ\task_6_Vasilenko\KG\MyForm.h(527,1): warning C4305: -=: усечение из "double" в "float"
E:\различные работы\КГ\task_6_Vasilenko\KG\MyForm.h(533,1): warning C4305: +=: усечение из "double" в "float"
E:\различные работы\КГ\task_6_Vasilenko\KG\MyForm.h(543,1): warning C4305: -=: усечение из "double" в "float"
E:\различные работы\КГ\task_6_Vasilenko\KG\MyForm.h(548,1): warning C4305: +=: усечение из "double" в "float"
E:\различные работы\КГ\task_6_Vasilenko\KG\Matrix.h(180): warning C4172: возвращение адреса локальной или временной переменной
E:\различные работы\КГ\task_6_Vasilenko\KG\Matrix.h(225): warning C4172: возвращение адреса локальной или временной переменной
  MyForm.obj : обнаружен модуль MSIL; для MSIL последовательная компоновка отключена; выполняется полная компоновка
  KG.vcxproj -> E:\различные работы\КГ\task_6_Vasilenko\x64\Debug\KG.exe
